<?xml version="1.0" encoding="UTF-8"?>
<testsuite name="com.lastminute.interview.TaxationImplTest" tests="3" skipped="0" failures="0" errors="0" timestamp="2015-10-29T14:48:27" hostname="dhvw023" time="0.002">
  <properties/>
  <testcase name="testGetRate_saleAndImportTax" classname="com.lastminute.interview.TaxationImplTest" time="0.001"/>
  <testcase name="testGetRate_onlySaleTax" classname="com.lastminute.interview.TaxationImplTest" time="0.0"/>
  <testcase name="testGetRate_onlyImportTax" classname="com.lastminute.interview.TaxationImplTest" time="0.0"/>
  <system-out><![CDATA[]]></system-out>
  <system-err><![CDATA[]]></system-err>
</testsuite>
